<?xml version="1.0" encoding="UTF-8"?>
<testng-results ignored="0" total="6" passed="4" failed="2" skipped="0">
  <reporter-output>
    <line>
      <![CDATA[Request log :: http://restapi.demoqa.com/utilities/weather/city/Hyderabad]]>
    </line>
    <line>
      <![CDATA[Response log :: {
    "City": "Hyderabad",
    "Temperature": "27 Degree celsius",
    "Humidity": "83 Percent",
    "WeatherDescription": "haze",
    "WindSpeed": "2.1 Km per hour",
    "WindDirectionDegree": "150 Degree"
}]]>
    </line>
    <line>
      <![CDATA[Request log :: http://dummy.restapiexample.com/api/v1/employees]]>
    </line>
    <line>
      <![CDATA[Response log :: {"status":"success","data":[{"id":"1","employee_name":"Tiger Nixon","employee_salary":"320800","employee_age":"61","profile_image":""},{"id":"2","employee_name":"Garrett Winters","employee_salary":"170750","employee_age":"63","profile_image":""},{"id":"3","employee_name":"Ashton Cox","employee_salary":"86000","employee_age":"66","profile_image":""},{"id":"4","employee_name":"Cedric Kelly","employee_salary":"433060","employee_age":"22","profile_image":""},{"id":"5","employee_name":"Airi Satou","employee_salary":"162700","employee_age":"33","profile_image":""},{"id":"6","employee_name":"Brielle Williamson","employee_salary":"372000","employee_age":"61","profile_image":""},{"id":"7","employee_name":"Herrod Chandler","employee_salary":"137500","employee_age":"59","profile_image":""},{"id":"8","employee_name":"Rhona Davidson","employee_salary":"327900","employee_age":"55","profile_image":""},{"id":"9","employee_name":"Colleen Hurst","employee_salary":"205500","employee_age":"39","profile_image":""},{"id":"10","employee_name":"Sonya Frost","employee_salary":"103600","employee_age":"23","profile_image":""},{"id":"11","employee_name":"Jena Gaines","employee_salary":"90560","employee_age":"30","profile_image":""},{"id":"12","employee_name":"Quinn Flynn","employee_salary":"342000","employee_age":"22","profile_image":""},{"id":"13","employee_name":"Charde Marshall","employee_salary":"470600","employee_age":"36","profile_image":""},{"id":"14","employee_name":"Haley Kennedy","employee_salary":"313500","employee_age":"43","profile_image":""},{"id":"15","employee_name":"Tatyana Fitzpatrick","employee_salary":"385750","employee_age":"19","profile_image":""},{"id":"16","employee_name":"Michael Silva","employee_salary":"198500","employee_age":"66","profile_image":""},{"id":"17","employee_name":"Paul Byrd","employee_salary":"725000","employee_age":"64","profile_image":""},{"id":"18","employee_name":"Gloria Little","employee_salary":"237500","employee_age":"59","profile_image":""},{"id":"19","employee_name":"Bradley Greer","employee_salary":"132000","employee_age":"41","profile_image":""},{"id":"20","employee_name":"Dai Rios","employee_salary":"217500","employee_age":"35","profile_image":""},{"id":"21","employee_name":"Jenette Caldwell","employee_salary":"345000","employee_age":"30","profile_image":""},{"id":"22","employee_name":"Yuri Berry","employee_salary":"675000","employee_age":"40","profile_image":""},{"id":"23","employee_name":"Caesar Vance","employee_salary":"106450","employee_age":"21","profile_image":""},{"id":"24","employee_name":"Doris Wilder","employee_salary":"85600","employee_age":"23","profile_image":""}]}]]>
    </line>
    <line>
      <![CDATA[Request log :: http://dummy.restapiexample.com/api/v1/delete/87]]>
    </line>
    <line>
      <![CDATA[Response log :: {"status":"failed","message":"Error! Not able to delete record"}]]>
    </line>
    <line>
      <![CDATA[Request log :: http://dummy.restapiexample.com/api/v1/employee/1]]>
    </line>
    <line>
      <![CDATA[Response log :: {"status":"failed","message":"Oops! someting issue found to fetch record."}]]>
    </line>
    <line>
      <![CDATA[Request log :: {"name":"Sumanth","salary":"394","age":"16"}]]>
    </line>
    <line>
      <![CDATA[Response log :: {"status":"success","data":{"name":"Sumanth","salary":"394","age":"16","id":86}}]]>
    </line>
    <line>
      <![CDATA[Request log :: http://dummy.restapiexample.com/api/v1/update/43]]>
    </line>
    <line>
      <![CDATA[Response log :: {"status":"success","data":null}]]>
    </line>
  </reporter-output>
  <suite started-at="2020-05-17T01:02:20 IST" name="Suite" finished-at="2020-05-17T01:02:29 IST" duration-ms="9125">
    <groups>
    </groups>
    <test started-at="2020-05-17T01:02:20 IST" name="Test" finished-at="2020-05-17T01:02:29 IST" duration-ms="9125">
      <class name="com.APIFramework.APITestCases.HTTPMethod_DELETE">
        <test-method is-config="true" signature="setup()[pri:0, instance:com.APIFramework.APITestCases.HTTPMethod_DELETE@3967e60c]" started-at="2020-05-17T01:02:25 IST" name="setup" finished-at="2020-05-17T01:02:25 IST" duration-ms="4" status="PASS">
          <reporter-output>
          </reporter-output>
        </test-method> <!-- setup -->
        <test-method signature="deleteEmployeeData()[pri:0, instance:com.APIFramework.APITestCases.HTTPMethod_DELETE@3967e60c]" started-at="2020-05-17T01:02:25 IST" name="deleteEmployeeData" finished-at="2020-05-17T01:02:26 IST" duration-ms="1058" status="FAIL">
          <exception class="java.lang.AssertionError">
            <message>
              <![CDATA[expected [success] but found [failed]]]>
            </message>
            <full-stacktrace>
              <![CDATA[java.lang.AssertionError: expected [success] but found [failed]
at org.testng.Assert.fail(Assert.java:97)
at org.testng.Assert.assertEqualsImpl(Assert.java:136)
at org.testng.Assert.assertEquals(Assert.java:118)
at org.testng.Assert.assertEquals(Assert.java:575)
at org.testng.Assert.assertEquals(Assert.java:585)
at com.APIFramework.APITestCases.HTTPMethod_DELETE.deleteEmployeeData(HTTPMethod_DELETE.java:37)
at java.base/jdk.internal.reflect.NativeMethodAccessorImpl.invoke0(Native Method)
at java.base/jdk.internal.reflect.NativeMethodAccessorImpl.invoke(NativeMethodAccessorImpl.java:62)
at java.base/jdk.internal.reflect.DelegatingMethodAccessorImpl.invoke(DelegatingMethodAccessorImpl.java:43)
at java.base/java.lang.reflect.Method.invoke(Method.java:567)
at org.testng.internal.MethodInvocationHelper.invokeMethod(MethodInvocationHelper.java:135)
at org.testng.internal.TestInvoker.invokeMethod(TestInvoker.java:598)
at org.testng.internal.TestInvoker.invokeTestMethod(TestInvoker.java:174)
at org.testng.internal.MethodRunner.runInSequence(MethodRunner.java:46)
at org.testng.internal.TestInvoker$MethodInvocationAgent.invoke(TestInvoker.java:821)
at org.testng.internal.TestInvoker.invokeTestMethods(TestInvoker.java:147)
at org.testng.internal.TestMethodWorker.invokeTestMethods(TestMethodWorker.java:146)
at org.testng.internal.TestMethodWorker.run(TestMethodWorker.java:128)
at java.base/java.util.ArrayList.forEach(ArrayList.java:1540)
at org.testng.TestRunner.privateRun(TestRunner.java:767)
at org.testng.TestRunner.run(TestRunner.java:588)
at org.testng.SuiteRunner.runTest(SuiteRunner.java:384)
at org.testng.SuiteRunner.runSequentially(SuiteRunner.java:378)
at org.testng.SuiteRunner.privateRun(SuiteRunner.java:337)
at org.testng.SuiteRunner.run(SuiteRunner.java:286)
at org.testng.SuiteRunnerWorker.runSuite(SuiteRunnerWorker.java:53)
at org.testng.SuiteRunnerWorker.run(SuiteRunnerWorker.java:96)
at org.testng.TestNG.runSuitesSequentially(TestNG.java:1214)
at org.testng.TestNG.runSuitesLocally(TestNG.java:1136)
at org.testng.TestNG.runSuites(TestNG.java:1066)
at org.testng.TestNG.run(TestNG.java:1034)
at org.testng.remote.AbstractRemoteTestNG.run(AbstractRemoteTestNG.java:115)
at org.testng.remote.RemoteTestNG.initAndRun(RemoteTestNG.java:251)
at org.testng.remote.RemoteTestNG.main(RemoteTestNG.java:77)
]]>
            </full-stacktrace>
          </exception> <!-- java.lang.AssertionError -->
          <reporter-output>
            <line>
              <![CDATA[Request log :: http://dummy.restapiexample.com/api/v1/delete/87]]>
            </line>
            <line>
              <![CDATA[Response log :: {"status":"failed","message":"Error! Not able to delete record"}]]>
            </line>
          </reporter-output>
        </test-method> <!-- deleteEmployeeData -->
      </class> <!-- com.APIFramework.APITestCases.HTTPMethod_DELETE -->
      <class name="com.APIFramework.APITestCases.HTTPMethod_GET">
        <test-method is-config="true" signature="setup()[pri:0, instance:com.APIFramework.APITestCases.HTTPMethod_GET@20d28811]" started-at="2020-05-17T01:02:24 IST" name="setup" finished-at="2020-05-17T01:02:24 IST" duration-ms="3" status="PASS">
          <reporter-output>
          </reporter-output>
        </test-method> <!-- setup -->
        <test-method signature="getEmployeeData()[pri:0, instance:com.APIFramework.APITestCases.HTTPMethod_GET@20d28811]" started-at="2020-05-17T01:02:24 IST" name="getEmployeeData" finished-at="2020-05-17T01:02:25 IST" duration-ms="684" status="PASS">
          <reporter-output>
            <line>
              <![CDATA[Request log :: http://dummy.restapiexample.com/api/v1/employees]]>
            </line>
            <line>
              <![CDATA[Response log :: {"status":"success","data":[{"id":"1","employee_name":"Tiger Nixon","employee_salary":"320800","employee_age":"61","profile_image":""},{"id":"2","employee_name":"Garrett Winters","employee_salary":"170750","employee_age":"63","profile_image":""},{"id":"3","employee_name":"Ashton Cox","employee_salary":"86000","employee_age":"66","profile_image":""},{"id":"4","employee_name":"Cedric Kelly","employee_salary":"433060","employee_age":"22","profile_image":""},{"id":"5","employee_name":"Airi Satou","employee_salary":"162700","employee_age":"33","profile_image":""},{"id":"6","employee_name":"Brielle Williamson","employee_salary":"372000","employee_age":"61","profile_image":""},{"id":"7","employee_name":"Herrod Chandler","employee_salary":"137500","employee_age":"59","profile_image":""},{"id":"8","employee_name":"Rhona Davidson","employee_salary":"327900","employee_age":"55","profile_image":""},{"id":"9","employee_name":"Colleen Hurst","employee_salary":"205500","employee_age":"39","profile_image":""},{"id":"10","employee_name":"Sonya Frost","employee_salary":"103600","employee_age":"23","profile_image":""},{"id":"11","employee_name":"Jena Gaines","employee_salary":"90560","employee_age":"30","profile_image":""},{"id":"12","employee_name":"Quinn Flynn","employee_salary":"342000","employee_age":"22","profile_image":""},{"id":"13","employee_name":"Charde Marshall","employee_salary":"470600","employee_age":"36","profile_image":""},{"id":"14","employee_name":"Haley Kennedy","employee_salary":"313500","employee_age":"43","profile_image":""},{"id":"15","employee_name":"Tatyana Fitzpatrick","employee_salary":"385750","employee_age":"19","profile_image":""},{"id":"16","employee_name":"Michael Silva","employee_salary":"198500","employee_age":"66","profile_image":""},{"id":"17","employee_name":"Paul Byrd","employee_salary":"725000","employee_age":"64","profile_image":""},{"id":"18","employee_name":"Gloria Little","employee_salary":"237500","employee_age":"59","profile_image":""},{"id":"19","employee_name":"Bradley Greer","employee_salary":"132000","employee_age":"41","profile_image":""},{"id":"20","employee_name":"Dai Rios","employee_salary":"217500","employee_age":"35","profile_image":""},{"id":"21","employee_name":"Jenette Caldwell","employee_salary":"345000","employee_age":"30","profile_image":""},{"id":"22","employee_name":"Yuri Berry","employee_salary":"675000","employee_age":"40","profile_image":""},{"id":"23","employee_name":"Caesar Vance","employee_salary":"106450","employee_age":"21","profile_image":""},{"id":"24","employee_name":"Doris Wilder","employee_salary":"85600","employee_age":"23","profile_image":""}]}]]>
            </line>
          </reporter-output>
        </test-method> <!-- getEmployeeData -->
      </class> <!-- com.APIFramework.APITestCases.HTTPMethod_GET -->
      <class name="com.APIFramework.APITestCases.HTTPMethod_POST">
        <test-method is-config="true" signature="setup()[pri:0, instance:com.APIFramework.APITestCases.HTTPMethod_POST@48aaecc3]" started-at="2020-05-17T01:02:27 IST" name="setup" finished-at="2020-05-17T01:02:27 IST" duration-ms="9" status="PASS">
          <reporter-output>
          </reporter-output>
        </test-method> <!-- setup -->
        <test-method is-config="true" signature="postrequestbuilder()[pri:0, instance:com.APIFramework.APITestCases.HTTPMethod_POST@48aaecc3]" started-at="2020-05-17T01:02:27 IST" name="postrequestbuilder" finished-at="2020-05-17T01:02:27 IST" duration-ms="1" status="PASS">
          <reporter-output>
          </reporter-output>
        </test-method> <!-- postrequestbuilder -->
        <test-method signature="postEmployeeData()[pri:0, instance:com.APIFramework.APITestCases.HTTPMethod_POST@48aaecc3]" started-at="2020-05-17T01:02:27 IST" name="postEmployeeData" finished-at="2020-05-17T01:02:28 IST" duration-ms="1054" status="PASS">
          <reporter-output>
            <line>
              <![CDATA[Request log :: {"name":"Sumanth","salary":"394","age":"16"}]]>
            </line>
            <line>
              <![CDATA[Response log :: {"status":"success","data":{"name":"Sumanth","salary":"394","age":"16","id":86}}]]>
            </line>
          </reporter-output>
        </test-method> <!-- postEmployeeData -->
      </class> <!-- com.APIFramework.APITestCases.HTTPMethod_POST -->
      <class name="com.APIFramework.APITestCases.HTTPMethod_GET_IDData">
        <test-method is-config="true" signature="setup()[pri:0, instance:com.APIFramework.APITestCases.HTTPMethod_GET_IDData@60d8c9b7]" started-at="2020-05-17T01:02:26 IST" name="setup" finished-at="2020-05-17T01:02:26 IST" duration-ms="6" status="PASS">
          <reporter-output>
          </reporter-output>
        </test-method> <!-- setup -->
        <test-method signature="getEmployeeDataByID()[pri:0, instance:com.APIFramework.APITestCases.HTTPMethod_GET_IDData@60d8c9b7]" started-at="2020-05-17T01:02:26 IST" name="getEmployeeDataByID" finished-at="2020-05-17T01:02:27 IST" duration-ms="1002" status="FAIL">
          <exception class="java.lang.AssertionError">
            <message>
              <![CDATA[expected [200] but found [400]]]>
            </message>
            <full-stacktrace>
              <![CDATA[java.lang.AssertionError: expected [200] but found [400]
at org.testng.Assert.fail(Assert.java:97)
at org.testng.Assert.assertEqualsImpl(Assert.java:136)
at org.testng.Assert.assertEquals(Assert.java:118)
at org.testng.Assert.assertEquals(Assert.java:839)
at org.testng.Assert.assertEquals(Assert.java:849)
at com.APIFramework.Assertions.ResponseAssertions.responseStatusCodeValidation(ResponseAssertions.java:16)
at com.APIFramework.APITestCases.HTTPMethod_GET_IDData.getEmployeeDataByID(HTTPMethod_GET_IDData.java:28)
at java.base/jdk.internal.reflect.NativeMethodAccessorImpl.invoke0(Native Method)
at java.base/jdk.internal.reflect.NativeMethodAccessorImpl.invoke(NativeMethodAccessorImpl.java:62)
at java.base/jdk.internal.reflect.DelegatingMethodAccessorImpl.invoke(DelegatingMethodAccessorImpl.java:43)
at java.base/java.lang.reflect.Method.invoke(Method.java:567)
at org.testng.internal.MethodInvocationHelper.invokeMethod(MethodInvocationHelper.java:135)
at org.testng.internal.TestInvoker.invokeMethod(TestInvoker.java:598)
at org.testng.internal.TestInvoker.invokeTestMethod(TestInvoker.java:174)
at org.testng.internal.MethodRunner.runInSequence(MethodRunner.java:46)
at org.testng.internal.TestInvoker$MethodInvocationAgent.invoke(TestInvoker.java:821)
at org.testng.internal.TestInvoker.invokeTestMethods(TestInvoker.java:147)
at org.testng.internal.TestMethodWorker.invokeTestMethods(TestMethodWorker.java:146)
at org.testng.internal.TestMethodWorker.run(TestMethodWorker.java:128)
at java.base/java.util.ArrayList.forEach(ArrayList.java:1540)
at org.testng.TestRunner.privateRun(TestRunner.java:767)
at org.testng.TestRunner.run(TestRunner.java:588)
at org.testng.SuiteRunner.runTest(SuiteRunner.java:384)
at org.testng.SuiteRunner.runSequentially(SuiteRunner.java:378)
at org.testng.SuiteRunner.privateRun(SuiteRunner.java:337)
at org.testng.SuiteRunner.run(SuiteRunner.java:286)
at org.testng.SuiteRunnerWorker.runSuite(SuiteRunnerWorker.java:53)
at org.testng.SuiteRunnerWorker.run(SuiteRunnerWorker.java:96)
at org.testng.TestNG.runSuitesSequentially(TestNG.java:1214)
at org.testng.TestNG.runSuitesLocally(TestNG.java:1136)
at org.testng.TestNG.runSuites(TestNG.java:1066)
at org.testng.TestNG.run(TestNG.java:1034)
at org.testng.remote.AbstractRemoteTestNG.run(AbstractRemoteTestNG.java:115)
at org.testng.remote.RemoteTestNG.initAndRun(RemoteTestNG.java:251)
at org.testng.remote.RemoteTestNG.main(RemoteTestNG.java:77)
]]>
            </full-stacktrace>
          </exception> <!-- java.lang.AssertionError -->
          <reporter-output>
            <line>
              <![CDATA[Request log :: http://dummy.restapiexample.com/api/v1/employee/1]]>
            </line>
            <line>
              <![CDATA[Response log :: {"status":"failed","message":"Oops! someting issue found to fetch record."}]]>
            </line>
          </reporter-output>
        </test-method> <!-- getEmployeeDataByID -->
      </class> <!-- com.APIFramework.APITestCases.HTTPMethod_GET_IDData -->
      <class name="com.APIFramework.BDDTestCases.GetRequest">
        <test-method is-config="true" signature="setup()[pri:0, instance:com.APIFramework.BDDTestCases.GetRequest@3cc2931c]" started-at="2020-05-17T01:02:20 IST" name="setup" finished-at="2020-05-17T01:02:20 IST" duration-ms="38" status="PASS">
          <reporter-output>
          </reporter-output>
        </test-method> <!-- setup -->
        <test-method signature="getRequest()[pri:0, instance:com.APIFramework.BDDTestCases.GetRequest@3cc2931c]" started-at="2020-05-17T01:02:20 IST" name="getRequest" finished-at="2020-05-17T01:02:24 IST" duration-ms="3856" status="PASS">
          <reporter-output>
            <line>
              <![CDATA[Request log :: http://restapi.demoqa.com/utilities/weather/city/Hyderabad]]>
            </line>
            <line>
              <![CDATA[Response log :: {
    "City": "Hyderabad",
    "Temperature": "27 Degree celsius",
    "Humidity": "83 Percent",
    "WeatherDescription": "haze",
    "WindSpeed": "2.1 Km per hour",
    "WindDirectionDegree": "150 Degree"
}]]>
            </line>
          </reporter-output>
        </test-method> <!-- getRequest -->
      </class> <!-- com.APIFramework.BDDTestCases.GetRequest -->
      <class name="com.APIFramework.APITestCases.HTTPMethod_PUT">
        <test-method is-config="true" signature="setup()[pri:0, instance:com.APIFramework.APITestCases.HTTPMethod_PUT@7c0c77c7]" started-at="2020-05-17T01:02:28 IST" name="setup" finished-at="2020-05-17T01:02:28 IST" duration-ms="2" status="PASS">
          <reporter-output>
          </reporter-output>
        </test-method> <!-- setup -->
        <test-method is-config="true" signature="postrequestbuilder()[pri:0, instance:com.APIFramework.APITestCases.HTTPMethod_PUT@7c0c77c7]" started-at="2020-05-17T01:02:28 IST" name="postrequestbuilder" finished-at="2020-05-17T01:02:28 IST" duration-ms="1" status="PASS">
          <reporter-output>
          </reporter-output>
        </test-method> <!-- postrequestbuilder -->
        <test-method signature="putEmployeeData()[pri:0, instance:com.APIFramework.APITestCases.HTTPMethod_PUT@7c0c77c7]" started-at="2020-05-17T01:02:28 IST" name="putEmployeeData" finished-at="2020-05-17T01:02:29 IST" duration-ms="1103" status="PASS">
          <reporter-output>
            <line>
              <![CDATA[Request log :: http://dummy.restapiexample.com/api/v1/update/43]]>
            </line>
            <line>
              <![CDATA[Response log :: {"status":"success","data":null}]]>
            </line>
          </reporter-output>
        </test-method> <!-- putEmployeeData -->
      </class> <!-- com.APIFramework.APITestCases.HTTPMethod_PUT -->
    </test> <!-- Test -->
  </suite> <!-- Suite -->
</testng-results>
